# JRE version: OpenJDK Runtime Environment (Zulu 8.62.0.19-CA-macos-aarch64) (8.0_332-b09) (build 1.8.0_332-b09)
# Java VM: OpenJDK 64-Bit Server VM (25.332-b09 mixed mode bsd-aarch64 compressed oops)
Heap:
 PSYoungGen      total 271360K, used 130K [0x00000007aab00000, 0x00000007bb900000, 0x00000007c0000000)
  eden space 266240K, 0% used [0x00000007aab00000,0x00000007aab20a58,0x00000007baf00000)
  from space 5120K, 0% used [0x00000007baf00000,0x00000007baf00000,0x00000007bb400000)
  to   space 5120K, 0% used [0x00000007bb400000,0x00000007bb400000,0x00000007bb900000)
 ParOldGen       total 87552K, used 71411K [0x0000000780000000, 0x0000000785580000, 0x00000007aab00000)
  object space 87552K, 81% used [0x0000000780000000,0x00000007845bce90,0x0000000785580000)
 Metaspace       used 13867K, capacity 14490K, committed 14848K, reserved 1062912K
  class space    used 2050K, capacity 2176K, committed 2304K, reserved 1048576K
GC Heap History (10 events):
Event: 1323.802 GC heap before
{Heap before GC invocations=298 (full 147):
 PSYoungGen      total 271360K, used 64K [0x00000007aab00000, 0x00000007bb900000, 0x00000007c0000000)
  eden space 266240K, 0% used [0x00000007aab00000,0x00000007aab00000,0x00000007baf00000)
  from space 5120K, 1% used [0x00000007baf00000,0x00000007baf10000,0x00000007bb400000)
  to   space 5120K, 0% used [0x00000007bb400000,0x00000007bb400000,0x00000007bb900000)
 ParOldGen       total 87552K, used 71410K [0x0000000780000000, 0x0000000785580000, 0x00000007aab00000)
  object space 87552K, 81% used [0x0000000780000000,0x00000007845bc8f0,0x0000000785580000)
 Metaspace       used 13867K, capacity 14490K, committed 14848K, reserved 1062912K
  class space    used 2050K, capacity 2176K, committed 2304K, reserved 1048576K
Event: 1323.899 GC heap after
Heap after GC invocations=298 (full 147):
 PSYoungGen      total 271360K, used 0K [0x00000007aab00000, 0x00000007bb900000, 0x00000007c0000000)
  eden space 266240K, 0% used [0x00000007aab00000,0x00000007aab00000,0x00000007baf00000)
  from space 5120K, 0% used [0x00000007baf00000,0x00000007baf00000,0x00000007bb400000)
  to   space 5120K, 0% used [0x00000007bb400000,0x00000007bb400000,0x00000007bb900000)
 ParOldGen       total 87552K, used 71411K [0x0000000780000000, 0x0000000785580000, 0x00000007aab00000)
  object space 87552K, 81% used [0x0000000780000000,0x00000007845bcca8,0x0000000785580000)
 Metaspace       used 13867K, capacity 14490K, committed 14848K, reserved 1062912K
  class space    used 2050K, capacity 2176K, committed 2304K, reserved 1048576K
}
Event: 1324.012 GC heap before
{Heap before GC invocations=299 (full 147):
 PSYoungGen      total 271360K, used 130K [0x00000007aab00000, 0x00000007bb900000, 0x00000007c0000000)
  eden space 266240K, 0% used [0x00000007aab00000,0x00000007aab20a58,0x00000007baf00000)
  from space 5120K, 0% used [0x00000007baf00000,0x00000007baf00000,0x00000007bb400000)
  to   space 5120K, 0% used [0x00000007bb400000,0x00000007bb400000,0x00000007bb900000)
 ParOldGen       total 87552K, used 71411K [0x0000000780000000, 0x0000000785580000, 0x00000007aab00000)
  object space 87552K, 81% used [0x0000000780000000,0x00000007845bcca8,0x0000000785580000)
 Metaspace       used 13867K, capacity 14490K, committed 14848K, reserved 1062912K
  class space    used 2050K, capacity 2176K, committed 2304K, reserved 1048576K
Event: 1324.013 GC heap after
Heap after GC invocations=299 (full 147):
 PSYoungGen      total 271360K, used 64K [0x00000007aab00000, 0x00000007bb900000, 0x00000007c0000000)
  eden space 266240K, 0% used [0x00000007aab00000,0x00000007aab00000,0x00000007baf00000)
  from space 5120K, 1% used [0x00000007bb400000,0x00000007bb410000,0x00000007bb900000)
  to   space 5120K, 0% used [0x00000007baf00000,0x00000007baf00000,0x00000007bb400000)
 ParOldGen       total 87552K, used 71411K [0x0000000780000000, 0x0000000785580000, 0x00000007aab00000)
  object space 87552K, 81% used [0x0000000780000000,0x00000007845bcca8,0x0000000785580000)
 Metaspace       used 13867K, capacity 14490K, committed 14848K, reserved 1062912K
  class space    used 2050K, capacity 2176K, committed 2304K, reserved 1048576K
}
Event: 1324.013 GC heap before
{Heap before GC invocations=300 (full 148):
 PSYoungGen      total 271360K, used 64K [0x00000007aab00000, 0x00000007bb900000, 0x00000007c0000000)
  eden space 266240K, 0% used [0x00000007aab00000,0x00000007aab00000,0x00000007baf00000)
  from space 5120K, 1% used [0x00000007bb400000,0x00000007bb410000,0x00000007bb900000)
  to   space 5120K, 0% used [0x00000007baf00000,0x00000007baf00000,0x00000007bb400000)
 ParOldGen       total 87552K, used 71411K [0x0000000780000000, 0x0000000785580000, 0x00000007aab00000)
  object space 87552K, 81% used [0x0000000780000000,0x00000007845bcca8,0x0000000785580000)
 Metaspace       used 13867K, capacity 14490K, committed 14848K, reserved 1062912K
  class space    used 2050K, capacity 2176K, committed 2304K, reserved 1048576K
Event: 1324.062 GC heap after
Heap after GC invocations=300 (full 148):
 PSYoungGen      total 271360K, used 0K [0x00000007aab00000, 0x00000007bb900000, 0x00000007c0000000)
  eden space 266240K, 0% used [0x00000007aab00000,0x00000007aab00000,0x00000007baf00000)
  from space 5120K, 0% used [0x00000007bb400000,0x00000007bb400000,0x00000007bb900000)
  to   space 5120K, 0% used [0x00000007baf00000,0x00000007baf00000,0x00000007bb400000)
 ParOldGen       total 87552K, used 71411K [0x0000000780000000, 0x0000000785580000, 0x00000007aab00000)
  object space 87552K, 81% used [0x0000000780000000,0x00000007845bccf0,0x0000000785580000)
 Metaspace       used 13867K, capacity 14490K, committed 14848K, reserved 1062912K
  class space    used 2050K, capacity 2176K, committed 2304K, reserved 1048576K
}
Event: 1324.368 GC heap before
{Heap before GC invocations=301 (full 148):
 PSYoungGen      total 271360K, used 5455K [0x00000007aab00000, 0x00000007bb900000, 0x00000007c0000000)
  eden space 266240K, 2% used [0x00000007aab00000,0x00000007ab053f00,0x00000007baf00000)
  from space 5120K, 0% used [0x00000007bb400000,0x00000007bb400000,0x00000007bb900000)
  to   space 5120K, 0% used [0x00000007baf00000,0x00000007baf00000,0x00000007bb400000)
 ParOldGen       total 87552K, used 71411K [0x0000000780000000, 0x0000000785580000, 0x00000007aab00000)
  object space 87552K, 81% used [0x0000000780000000,0x00000007845bccf0,0x0000000785580000)
 Metaspace       used 13867K, capacity 14490K, committed 14848K, reserved 1062912K
  class space    used 2050K, capacity 2176K, committed 2304K, reserved 1048576K
Event: 1324.369 GC heap after
Heap after GC invocations=301 (full 148):
 PSYoungGen      total 271360K, used 128K [0x00000007aab00000, 0x00000007bb900000, 0x00000007c0000000)
  eden space 266240K, 0% used [0x00000007aab00000,0x00000007aab00000,0x00000007baf00000)
  from space 5120K, 2% used [0x00000007baf00000,0x00000007baf20000,0x00000007bb400000)
  to   space 5120K, 0% used [0x00000007bb400000,0x00000007bb400000,0x00000007bb900000)
 ParOldGen       total 87552K, used 71411K [0x0000000780000000, 0x0000000785580000, 0x00000007aab00000)
  object space 87552K, 81% used [0x0000000780000000,0x00000007845bccf0,0x0000000785580000)
 Metaspace       used 13867K, capacity 14490K, committed 14848K, reserved 1062912K
  class space    used 2050K, capacity 2176K, committed 2304K, reserved 1048576K
}
Event: 1324.369 GC heap before
{Heap before GC invocations=302 (full 149):
 PSYoungGen      total 271360K, used 128K [0x00000007aab00000, 0x00000007bb900000, 0x00000007c0000000)
  eden space 266240K, 0% used [0x00000007aab00000,0x00000007aab00000,0x00000007baf00000)
  from space 5120K, 2% used [0x00000007baf00000,0x00000007baf20000,0x00000007bb400000)
  to   space 5120K, 0% used [0x00000007bb400000,0x00000007bb400000,0x00000007bb900000)
 ParOldGen       total 87552K, used 71411K [0x0000000780000000, 0x0000000785580000, 0x00000007aab00000)
  object space 87552K, 81% used [0x0000000780000000,0x00000007845bccf0,0x0000000785580000)
 Metaspace       used 13867K, capacity 14490K, committed 14848K, reserved 1062912K
  class space    used 2050K, capacity 2176K, committed 2304K, reserved 1048576K
Event: 1324.422 GC heap after
Heap after GC invocations=302 (full 149):
 PSYoungGen      total 271360K, used 0K [0x00000007aab00000, 0x00000007bb900000, 0x00000007c0000000)
  eden space 266240K, 0% used [0x00000007aab00000,0x00000007aab00000,0x00000007baf00000)
  from space 5120K, 0% used [0x00000007baf00000,0x00000007baf00000,0x00000007bb400000)
  to   space 5120K, 0% used [0x00000007bb400000,0x00000007bb400000,0x00000007bb900000)
 ParOldGen       total 87552K, used 71411K [0x0000000780000000, 0x0000000785580000, 0x00000007aab00000)
  object space 87552K, 81% used [0x0000000780000000,0x00000007845bce90,0x0000000785580000)
 Metaspace       used 13867K, capacity 14490K, committed 14848K, reserved 1062912K
  class space    used 2050K, capacity 2176K, committed 2304K, reserved 1048576K
}

